<?xml version="1.0" encoding="UTF-8"?>
<!-- Generated by org.testng.reporters.JUnitXMLReporter -->
<testsuite ignored="0" hostname="DESKTOP-8M07T9M" failures="0" tests="14" name="Test_Mobile" time="403.27" errors="0" timestamp="2021-06-09T15:30:56 IST">
  <testcase classname="com.bmusa.TestCases.Mobile_AccountVerification" name="BannerVerification" time="3.487"/>
  <testcase classname="com.bmusa.TestCases.Mobile_AccountVerification" name="loginverification" time="10.447"/>
  <testcase classname="com.bmusa.TestCases.Mobile_SearchandBrowserVerification" name="VerifyMobilesearchasGuest" time="6.624"/>
  <testcase classname="com.bmusa.TestCases.Mobile_SearchandBrowserVerification" name="mobilePDPAddtoCart" time="13.399"/>
  <testcase classname="com.bmusa.TestCases.Mobile_SearchandBrowserVerification" name="verifyMobileCategoryNaviagtion" time="2.804"/>
  <testcase classname="com.bmusa.TestCases.Mobile_SearchandBrowserVerification" name="verifyMobileplp" time="2.447"/>
  <testcase classname="com.bmusa.TestCases.Mobile_SearchandBrowserVerification" name="verifymobilePLPaddtocart" time="11.82"/>
  <testcase classname="com.bmusa.TestCases.Mobile_StoreandZipupdateVerification" name="mobileStorelocator" time="4.122"/>
  <testcase classname="com.bmusa.TestCases.Mobile_userAccountVerification" name="verifyMobileAccountnavigation" time="10.66"/>
  <testcase classname="com.bmusa.TestCases.Mobile_userAccountVerification" name="verifymobileEditProfile" time="20.105"/>
  <testcase classname="com.bmusa.TestCases.Mobile_userAccountVerification" name="verifymobileforgotpassword" time="5.156"/>
  <testcase classname="com.bmusa.TestCases.Mobile_cartfunctionalitiesVerification" name="verifyInstorePickup" time="33.054"/>
  <testcase classname="com.bmusa.TestCases.Mobile_cartfunctionalitiesVerification" name="verifymobileQtyUpdate" time="15.685"/>
  <testcase classname="com.bmusa.TestCases.Mobile_cartfunctionalitiesVerification" name="verifymobilecartSummary" time="16.499"/>
</testsuite> <!-- Test_Mobile -->
