<?xml version="1.0" encoding="UTF-8"?>
<!-- Generated by org.testng.reporters.JUnitXMLReporter -->
<testsuite ignored="0" hostname="DESKTOP-8M07T9M" failures="0" tests="14" name="Test" time="343.441" errors="0" timestamp="2021-05-27T14:51:01 IST">
  <testcase classname="TestCases.Login" name="FlyoutBannerverification" time="0.568"/>
  <testcase classname="TestCases.Login" name="Loginfunctionality" time="1.692"/>
  <testcase classname="TestCases.userProfile" name="editProfile" time="10.056"/>
  <testcase classname="TestCases.userProfile" name="forgotpassword" time="1.799"/>
  <testcase classname="TestCases.userProfile" name="myAccountLeftnavigation" time="7.363"/>
  <testcase classname="TestCases.StoreLocator" name="storeLocatortest" time="2.842"/>
  <testcase classname="TestCases.StoreLocator" name="updateZipCode" time="2.095"/>
  <testcase classname="TestCases.searchandBrowse" name="PDPaddtoCart" time="8.138"/>
  <testcase classname="TestCases.searchandBrowse" name="PLPaddtoCart" time="11.397"/>
  <testcase classname="TestCases.searchandBrowse" name="megamenufunctionality" time="3.107"/>
  <testcase classname="TestCases.searchandBrowse" name="searchProductasGuest" time="3.396"/>
  <testcase classname="TestCases.Cartfunctionality" name="cartSummary" time="20.554"/>
  <testcase classname="TestCases.Cartfunctionality" name="cartupdate" time="8.854"/>
  <testcase classname="TestCases.Cartfunctionality" name="inStorepickup" time="46.211"/>
</testsuite> <!-- Test -->
