<?xml version="1.0" encoding="UTF-8"?>
<!-- Generated by org.testng.reporters.JUnitXMLReporter -->
<testsuite hostname="DESKTOP-8M07T9M" ignored="0" name="Test" tests="1" failures="0" timestamp="2021-05-19T11:53:06 IST" time="26.084" errors="0">
  <testcase name="@AfterMethod teardown" time="0.017" classname="ParallelTest.Basetest">
    <failure type="java.lang.NullPointerException">
      <![CDATA[java.lang.NullPointerException
at ParallelTest.Basetest.teardown(Basetest.java:87)
at java.util.ArrayList.forEach(Unknown Source)
... Removed 32 stack frames]]>
    </failure>
  </testcase> <!-- @AfterMethod teardown -->
  <testcase name="browserlaunch" time="23.703" classname="ParallelTest.ParallelExecution"/>
</testsuite> <!-- Test -->
