<?xml version="1.0" encoding="UTF-8"?>
<testng-results ignored="0" total="29" passed="29" failed="0" skipped="0">
  <reporter-output>
  </reporter-output>
  <suite started-at="2021-06-09T15:14:49 IST" name="Suite" finished-at="2021-06-09T15:30:56 IST" duration-ms="966993">
    <groups>
    </groups>
    <test started-at="2021-06-09T15:14:49 IST" name="Test_Desktop" finished-at="2021-06-09T15:24:12 IST" duration-ms="563220">
      <class name="com.bmusa.TestCases.Desktop_StoreandZipupdateVerification">
        <test-method is-config="true" signature="browserlaunch(java.lang.String)[pri:0, instance:com.bmusa.TestCases.Desktop_StoreandZipupdateVerification@5acf93bb]" started-at="2021-06-09T15:18:55 IST" name="browserlaunch" finished-at="2021-06-09T15:19:09 IST" duration-ms="13963" status="PASS">
          <params>
            <param index="0">
              <value>
                <![CDATA[Firefox]]>
              </value>
            </param>
          </params>
          <reporter-output>
          </reporter-output>
        </test-method> <!-- browserlaunch -->
        <test-method signature="verifystorelocatorpage()[pri:0, instance:com.bmusa.TestCases.Desktop_StoreandZipupdateVerification@5acf93bb]" started-at="2021-06-09T15:19:09 IST" name="verifystorelocatorpage" finished-at="2021-06-09T15:19:15 IST" duration-ms="5453" status="PASS">
          <reporter-output>
          </reporter-output>
        </test-method> <!-- verifystorelocatorpage -->
        <test-method is-config="true" signature="closebrowser()[pri:0, instance:com.bmusa.TestCases.Desktop_StoreandZipupdateVerification@5acf93bb]" started-at="2021-06-09T15:19:15 IST" name="closebrowser" finished-at="2021-06-09T15:19:17 IST" duration-ms="1610" status="PASS">
          <reporter-output>
          </reporter-output>
        </test-method> <!-- closebrowser -->
        <test-method is-config="true" signature="browserlaunch(java.lang.String)[pri:0, instance:com.bmusa.TestCases.Desktop_StoreandZipupdateVerification@5acf93bb]" started-at="2021-06-09T15:19:17 IST" name="browserlaunch" finished-at="2021-06-09T15:19:28 IST" duration-ms="10704" status="PASS">
          <params>
            <param index="0">
              <value>
                <![CDATA[Firefox]]>
              </value>
            </param>
          </params>
          <reporter-output>
          </reporter-output>
        </test-method> <!-- browserlaunch -->
        <test-method signature="verifyzipupdate()[pri:0, instance:com.bmusa.TestCases.Desktop_StoreandZipupdateVerification@5acf93bb]" started-at="2021-06-09T15:19:28 IST" name="verifyzipupdate" finished-at="2021-06-09T15:19:36 IST" duration-ms="8636" status="PASS">
          <reporter-output>
          </reporter-output>
        </test-method> <!-- verifyzipupdate -->
        <test-method is-config="true" signature="closebrowser()[pri:0, instance:com.bmusa.TestCases.Desktop_StoreandZipupdateVerification@5acf93bb]" started-at="2021-06-09T15:19:37 IST" name="closebrowser" finished-at="2021-06-09T15:19:39 IST" duration-ms="2001" status="PASS">
          <reporter-output>
          </reporter-output>
        </test-method> <!-- closebrowser -->
      </class> <!-- com.bmusa.TestCases.Desktop_StoreandZipupdateVerification -->
      <class name="com.bmusa.TestCases.Desktop_SearchandBrowserVerification">
        <test-method is-config="true" signature="browserlaunch(java.lang.String)[pri:0, instance:com.bmusa.TestCases.Desktop_SearchandBrowserVerification@614ca7df]" started-at="2021-06-09T15:19:39 IST" name="browserlaunch" finished-at="2021-06-09T15:19:54 IST" duration-ms="15245" status="PASS">
          <params>
            <param index="0">
              <value>
                <![CDATA[Firefox]]>
              </value>
            </param>
          </params>
          <reporter-output>
          </reporter-output>
        </test-method> <!-- browserlaunch -->
        <test-method signature="verifycategory()[pri:0, instance:com.bmusa.TestCases.Desktop_SearchandBrowserVerification@614ca7df]" started-at="2021-06-09T15:19:54 IST" name="verifycategory" finished-at="2021-06-09T15:19:59 IST" duration-ms="5159" status="PASS">
          <reporter-output>
          </reporter-output>
        </test-method> <!-- verifycategory -->
        <test-method is-config="true" signature="closebrowser()[pri:0, instance:com.bmusa.TestCases.Desktop_SearchandBrowserVerification@614ca7df]" started-at="2021-06-09T15:19:59 IST" name="closebrowser" finished-at="2021-06-09T15:20:02 IST" duration-ms="2866" status="PASS">
          <reporter-output>
          </reporter-output>
        </test-method> <!-- closebrowser -->
        <test-method is-config="true" signature="browserlaunch(java.lang.String)[pri:0, instance:com.bmusa.TestCases.Desktop_SearchandBrowserVerification@614ca7df]" started-at="2021-06-09T15:20:02 IST" name="browserlaunch" finished-at="2021-06-09T15:20:18 IST" duration-ms="16300" status="PASS">
          <params>
            <param index="0">
              <value>
                <![CDATA[Firefox]]>
              </value>
            </param>
          </params>
          <reporter-output>
          </reporter-output>
        </test-method> <!-- browserlaunch -->
        <test-method signature="verifypddaddtocart()[pri:0, instance:com.bmusa.TestCases.Desktop_SearchandBrowserVerification@614ca7df]" started-at="2021-06-09T15:20:18 IST" name="verifypddaddtocart" finished-at="2021-06-09T15:20:30 IST" duration-ms="11294" status="PASS">
          <reporter-output>
          </reporter-output>
        </test-method> <!-- verifypddaddtocart -->
        <test-method is-config="true" signature="closebrowser()[pri:0, instance:com.bmusa.TestCases.Desktop_SearchandBrowserVerification@614ca7df]" started-at="2021-06-09T15:20:30 IST" name="closebrowser" finished-at="2021-06-09T15:20:31 IST" duration-ms="1706" status="PASS">
          <reporter-output>
          </reporter-output>
        </test-method> <!-- closebrowser -->
        <test-method is-config="true" signature="browserlaunch(java.lang.String)[pri:0, instance:com.bmusa.TestCases.Desktop_SearchandBrowserVerification@614ca7df]" started-at="2021-06-09T15:20:31 IST" name="browserlaunch" finished-at="2021-06-09T15:20:50 IST" duration-ms="18848" status="PASS">
          <params>
            <param index="0">
              <value>
                <![CDATA[Firefox]]>
              </value>
            </param>
          </params>
          <reporter-output>
          </reporter-output>
        </test-method> <!-- browserlaunch -->
        <test-method signature="verifyplp()[pri:0, instance:com.bmusa.TestCases.Desktop_SearchandBrowserVerification@614ca7df]" started-at="2021-06-09T15:20:50 IST" name="verifyplp" finished-at="2021-06-09T15:20:55 IST" duration-ms="4473" status="PASS">
          <reporter-output>
          </reporter-output>
        </test-method> <!-- verifyplp -->
        <test-method is-config="true" signature="closebrowser()[pri:0, instance:com.bmusa.TestCases.Desktop_SearchandBrowserVerification@614ca7df]" started-at="2021-06-09T15:20:55 IST" name="closebrowser" finished-at="2021-06-09T15:20:58 IST" duration-ms="2557" status="PASS">
          <reporter-output>
          </reporter-output>
        </test-method> <!-- closebrowser -->
        <test-method is-config="true" signature="browserlaunch(java.lang.String)[pri:0, instance:com.bmusa.TestCases.Desktop_SearchandBrowserVerification@614ca7df]" started-at="2021-06-09T15:20:58 IST" name="browserlaunch" finished-at="2021-06-09T15:21:13 IST" duration-ms="15255" status="PASS">
          <params>
            <param index="0">
              <value>
                <![CDATA[Firefox]]>
              </value>
            </param>
          </params>
          <reporter-output>
          </reporter-output>
        </test-method> <!-- browserlaunch -->
        <test-method signature="verifyplpaddtocart()[pri:0, instance:com.bmusa.TestCases.Desktop_SearchandBrowserVerification@614ca7df]" started-at="2021-06-09T15:21:13 IST" name="verifyplpaddtocart" finished-at="2021-06-09T15:21:21 IST" duration-ms="8440" status="PASS">
          <reporter-output>
          </reporter-output>
        </test-method> <!-- verifyplpaddtocart -->
        <test-method is-config="true" signature="closebrowser()[pri:0, instance:com.bmusa.TestCases.Desktop_SearchandBrowserVerification@614ca7df]" started-at="2021-06-09T15:21:21 IST" name="closebrowser" finished-at="2021-06-09T15:21:23 IST" duration-ms="1632" status="PASS">
          <reporter-output>
          </reporter-output>
        </test-method> <!-- closebrowser -->
        <test-method is-config="true" signature="browserlaunch(java.lang.String)[pri:0, instance:com.bmusa.TestCases.Desktop_SearchandBrowserVerification@614ca7df]" started-at="2021-06-09T15:21:23 IST" name="browserlaunch" finished-at="2021-06-09T15:21:39 IST" duration-ms="16258" status="PASS">
          <params>
            <param index="0">
              <value>
                <![CDATA[Firefox]]>
              </value>
            </param>
          </params>
          <reporter-output>
          </reporter-output>
        </test-method> <!-- browserlaunch -->
        <test-method signature="verifysearchasGuest()[pri:0, instance:com.bmusa.TestCases.Desktop_SearchandBrowserVerification@614ca7df]" started-at="2021-06-09T15:21:39 IST" name="verifysearchasGuest" finished-at="2021-06-09T15:21:46 IST" duration-ms="6681" status="PASS">
          <reporter-output>
          </reporter-output>
        </test-method> <!-- verifysearchasGuest -->
        <test-method is-config="true" signature="closebrowser()[pri:0, instance:com.bmusa.TestCases.Desktop_SearchandBrowserVerification@614ca7df]" started-at="2021-06-09T15:21:46 IST" name="closebrowser" finished-at="2021-06-09T15:21:47 IST" duration-ms="1471" status="PASS">
          <reporter-output>
          </reporter-output>
        </test-method> <!-- closebrowser -->
      </class> <!-- com.bmusa.TestCases.Desktop_SearchandBrowserVerification -->
      <class name="com.bmusa.TestCases.Desktop_userAccountVerification">
        <test-method is-config="true" signature="browserlaunch(java.lang.String)[pri:0, instance:com.bmusa.TestCases.Desktop_userAccountVerification@1a18644]" started-at="2021-06-09T15:15:32 IST" name="browserlaunch" finished-at="2021-06-09T15:17:27 IST" duration-ms="114958" status="PASS">
          <params>
            <param index="0">
              <value>
                <![CDATA[Firefox]]>
              </value>
            </param>
          </params>
          <reporter-output>
          </reporter-output>
        </test-method> <!-- browserlaunch -->
        <test-method signature="landingOnAccountoverviewPage(java.lang.String,java.lang.String)[pri:0, instance:com.bmusa.TestCases.Desktop_userAccountVerification@1a18644]" started-at="2021-06-09T15:17:27 IST" name="landingOnAccountoverviewPage" finished-at="2021-06-09T15:17:41 IST" duration-ms="13200" status="PASS">
          <params>
            <param index="0">
              <value>
                <![CDATA[gskprod11@aie.com]]>
              </value>
            </param>
            <param index="1">
              <value>
                <![CDATA[test1234]]>
              </value>
            </param>
          </params>
          <reporter-output>
          </reporter-output>
        </test-method> <!-- landingOnAccountoverviewPage -->
        <test-method is-config="true" signature="closebrowser()[pri:0, instance:com.bmusa.TestCases.Desktop_userAccountVerification@1a18644]" started-at="2021-06-09T15:17:41 IST" name="closebrowser" finished-at="2021-06-09T15:17:42 IST" duration-ms="1685" status="PASS">
          <reporter-output>
          </reporter-output>
        </test-method> <!-- closebrowser -->
        <test-method is-config="true" signature="browserlaunch(java.lang.String)[pri:0, instance:com.bmusa.TestCases.Desktop_userAccountVerification@1a18644]" started-at="2021-06-09T15:17:42 IST" name="browserlaunch" finished-at="2021-06-09T15:18:01 IST" duration-ms="18702" status="PASS">
          <params>
            <param index="0">
              <value>
                <![CDATA[Firefox]]>
              </value>
            </param>
          </params>
          <reporter-output>
          </reporter-output>
        </test-method> <!-- browserlaunch -->
        <test-method signature="verifyEditProfile(java.lang.String,java.lang.String)[pri:0, instance:com.bmusa.TestCases.Desktop_userAccountVerification@1a18644]" started-at="2021-06-09T15:18:01 IST" name="verifyEditProfile" finished-at="2021-06-09T15:18:21 IST" duration-ms="19941" status="PASS">
          <params>
            <param index="0">
              <value>
                <![CDATA[gskprod11@aie.com]]>
              </value>
            </param>
            <param index="1">
              <value>
                <![CDATA[test1234]]>
              </value>
            </param>
          </params>
          <reporter-output>
          </reporter-output>
        </test-method> <!-- verifyEditProfile -->
        <test-method is-config="true" signature="closebrowser()[pri:0, instance:com.bmusa.TestCases.Desktop_userAccountVerification@1a18644]" started-at="2021-06-09T15:18:21 IST" name="closebrowser" finished-at="2021-06-09T15:18:23 IST" duration-ms="1991" status="PASS">
          <reporter-output>
          </reporter-output>
        </test-method> <!-- closebrowser -->
        <test-method is-config="true" signature="browserlaunch(java.lang.String)[pri:0, instance:com.bmusa.TestCases.Desktop_userAccountVerification@1a18644]" started-at="2021-06-09T15:18:23 IST" name="browserlaunch" finished-at="2021-06-09T15:18:47 IST" duration-ms="23946" status="PASS">
          <params>
            <param index="0">
              <value>
                <![CDATA[Firefox]]>
              </value>
            </param>
          </params>
          <reporter-output>
          </reporter-output>
        </test-method> <!-- browserlaunch -->
        <test-method signature="verifyforgotpassword()[pri:0, instance:com.bmusa.TestCases.Desktop_userAccountVerification@1a18644]" started-at="2021-06-09T15:18:47 IST" name="verifyforgotpassword" finished-at="2021-06-09T15:18:54 IST" duration-ms="6473" status="PASS">
          <reporter-output>
          </reporter-output>
        </test-method> <!-- verifyforgotpassword -->
        <test-method is-config="true" signature="closebrowser()[pri:0, instance:com.bmusa.TestCases.Desktop_userAccountVerification@1a18644]" started-at="2021-06-09T15:18:54 IST" name="closebrowser" finished-at="2021-06-09T15:18:55 IST" duration-ms="1850" status="PASS">
          <reporter-output>
          </reporter-output>
        </test-method> <!-- closebrowser -->
      </class> <!-- com.bmusa.TestCases.Desktop_userAccountVerification -->
      <class name="com.bmusa.TestCases.Desktop_cartfunctionalitiesVerification">
        <test-method is-config="true" signature="browserlaunch(java.lang.String)[pri:0, instance:com.bmusa.TestCases.Desktop_cartfunctionalitiesVerification@4738a206]" started-at="2021-06-09T15:21:47 IST" name="browserlaunch" finished-at="2021-06-09T15:22:07 IST" duration-ms="19084" status="PASS">
          <params>
            <param index="0">
              <value>
                <![CDATA[Firefox]]>
              </value>
            </param>
          </params>
          <reporter-output>
          </reporter-output>
        </test-method> <!-- browserlaunch -->
        <test-method signature="verifyCartUpdate()[pri:0, instance:com.bmusa.TestCases.Desktop_cartfunctionalitiesVerification@4738a206]" started-at="2021-06-09T15:22:07 IST" name="verifyCartUpdate" finished-at="2021-06-09T15:22:21 IST" duration-ms="14896" status="PASS">
          <reporter-output>
          </reporter-output>
        </test-method> <!-- verifyCartUpdate -->
        <test-method is-config="true" signature="closebrowser()[pri:0, instance:com.bmusa.TestCases.Desktop_cartfunctionalitiesVerification@4738a206]" started-at="2021-06-09T15:22:22 IST" name="closebrowser" finished-at="2021-06-09T15:22:23 IST" duration-ms="1599" status="PASS">
          <reporter-output>
          </reporter-output>
        </test-method> <!-- closebrowser -->
        <test-method is-config="true" signature="browserlaunch(java.lang.String)[pri:0, instance:com.bmusa.TestCases.Desktop_cartfunctionalitiesVerification@4738a206]" started-at="2021-06-09T15:22:23 IST" name="browserlaunch" finished-at="2021-06-09T15:22:52 IST" duration-ms="28612" status="PASS">
          <params>
            <param index="0">
              <value>
                <![CDATA[Firefox]]>
              </value>
            </param>
          </params>
          <reporter-output>
          </reporter-output>
        </test-method> <!-- browserlaunch -->
        <test-method signature="verifyInstorePickup(java.lang.String,java.lang.String)[pri:0, instance:com.bmusa.TestCases.Desktop_cartfunctionalitiesVerification@4738a206]" started-at="2021-06-09T15:22:52 IST" name="verifyInstorePickup" finished-at="2021-06-09T15:23:31 IST" duration-ms="39557" status="PASS">
          <params>
            <param index="0">
              <value>
                <![CDATA[gskprod11@aie.com]]>
              </value>
            </param>
            <param index="1">
              <value>
                <![CDATA[test1234]]>
              </value>
            </param>
          </params>
          <reporter-output>
          </reporter-output>
        </test-method> <!-- verifyInstorePickup -->
        <test-method is-config="true" signature="closebrowser()[pri:0, instance:com.bmusa.TestCases.Desktop_cartfunctionalitiesVerification@4738a206]" started-at="2021-06-09T15:23:31 IST" name="closebrowser" finished-at="2021-06-09T15:23:33 IST" duration-ms="1187" status="PASS">
          <reporter-output>
          </reporter-output>
        </test-method> <!-- closebrowser -->
        <test-method is-config="true" signature="browserlaunch(java.lang.String)[pri:0, instance:com.bmusa.TestCases.Desktop_cartfunctionalitiesVerification@4738a206]" started-at="2021-06-09T15:23:33 IST" name="browserlaunch" finished-at="2021-06-09T15:23:46 IST" duration-ms="12926" status="PASS">
          <params>
            <param index="0">
              <value>
                <![CDATA[Firefox]]>
              </value>
            </param>
          </params>
          <reporter-output>
          </reporter-output>
        </test-method> <!-- browserlaunch -->
        <test-method signature="verifycartsummary()[pri:0, instance:com.bmusa.TestCases.Desktop_cartfunctionalitiesVerification@4738a206]" started-at="2021-06-09T15:23:46 IST" name="verifycartsummary" finished-at="2021-06-09T15:24:11 IST" duration-ms="25062" status="PASS">
          <reporter-output>
          </reporter-output>
        </test-method> <!-- verifycartsummary -->
        <test-method is-config="true" signature="closebrowser()[pri:0, instance:com.bmusa.TestCases.Desktop_cartfunctionalitiesVerification@4738a206]" started-at="2021-06-09T15:24:11 IST" name="closebrowser" finished-at="2021-06-09T15:24:12 IST" duration-ms="1571" status="PASS">
          <reporter-output>
          </reporter-output>
        </test-method> <!-- closebrowser -->
      </class> <!-- com.bmusa.TestCases.Desktop_cartfunctionalitiesVerification -->
      <class name="com.bmusa.TestCases.Desktop_AccountVerification">
        <test-method is-config="true" signature="browserlaunch(java.lang.String)[pri:0, instance:com.bmusa.TestCases.Desktop_AccountVerification@4d02f94e]" started-at="2021-06-09T15:14:49 IST" name="browserlaunch" finished-at="2021-06-09T15:15:06 IST" duration-ms="16987" status="PASS">
          <params>
            <param index="0">
              <value>
                <![CDATA[Firefox]]>
              </value>
            </param>
          </params>
          <reporter-output>
          </reporter-output>
        </test-method> <!-- browserlaunch -->
        <test-method signature="BannerVerification()[pri:0, instance:com.bmusa.TestCases.Desktop_AccountVerification@4d02f94e]" started-at="2021-06-09T15:15:06 IST" name="BannerVerification" finished-at="2021-06-09T15:15:09 IST" duration-ms="2460" status="PASS">
          <reporter-output>
          </reporter-output>
        </test-method> <!-- BannerVerification -->
        <test-method is-config="true" signature="closebrowser()[pri:0, instance:com.bmusa.TestCases.Desktop_AccountVerification@4d02f94e]" started-at="2021-06-09T15:15:09 IST" name="closebrowser" finished-at="2021-06-09T15:15:11 IST" duration-ms="1501" status="PASS">
          <reporter-output>
          </reporter-output>
        </test-method> <!-- closebrowser -->
        <test-method is-config="true" signature="browserlaunch(java.lang.String)[pri:0, instance:com.bmusa.TestCases.Desktop_AccountVerification@4d02f94e]" started-at="2021-06-09T15:15:11 IST" name="browserlaunch" finished-at="2021-06-09T15:15:22 IST" duration-ms="11633" status="PASS">
          <params>
            <param index="0">
              <value>
                <![CDATA[Firefox]]>
              </value>
            </param>
          </params>
          <reporter-output>
          </reporter-output>
        </test-method> <!-- browserlaunch -->
        <test-method signature="loginverification(java.lang.String,java.lang.String)[pri:0, instance:com.bmusa.TestCases.Desktop_AccountVerification@4d02f94e]" started-at="2021-06-09T15:15:22 IST" name="loginverification" finished-at="2021-06-09T15:15:31 IST" duration-ms="8525" status="PASS">
          <params>
            <param index="0">
              <value>
                <![CDATA[gskprod11@aie.com]]>
              </value>
            </param>
            <param index="1">
              <value>
                <![CDATA[test1234]]>
              </value>
            </param>
          </params>
          <reporter-output>
          </reporter-output>
        </test-method> <!-- loginverification -->
        <test-method is-config="true" signature="closebrowser()[pri:0, instance:com.bmusa.TestCases.Desktop_AccountVerification@4d02f94e]" started-at="2021-06-09T15:15:31 IST" name="closebrowser" finished-at="2021-06-09T15:15:32 IST" duration-ms="1599" status="PASS">
          <reporter-output>
          </reporter-output>
        </test-method> <!-- closebrowser -->
      </class> <!-- com.bmusa.TestCases.Desktop_AccountVerification -->
    </test> <!-- Test_Desktop -->
    <test started-at="2021-06-09T15:24:13 IST" name="Test_Mobile" finished-at="2021-06-09T15:30:56 IST" duration-ms="403270">
      <class name="com.bmusa.TestCases.Mobile_AccountVerification">
        <test-method is-config="true" signature="browserlaunch(java.lang.String)[pri:0, instance:com.bmusa.TestCases.Mobile_AccountVerification@51e69659]" started-at="2021-06-09T15:24:13 IST" name="browserlaunch" finished-at="2021-06-09T15:24:27 IST" duration-ms="14091" status="PASS">
          <params>
            <param index="0">
              <value>
                <![CDATA[Firefox]]>
              </value>
            </param>
          </params>
          <reporter-output>
          </reporter-output>
        </test-method> <!-- browserlaunch -->
        <test-method signature="BannerVerification()[pri:0, instance:com.bmusa.TestCases.Mobile_AccountVerification@51e69659]" started-at="2021-06-09T15:24:27 IST" name="BannerVerification" finished-at="2021-06-09T15:24:30 IST" duration-ms="3487" status="PASS">
          <reporter-output>
          </reporter-output>
        </test-method> <!-- BannerVerification -->
        <test-method is-config="true" signature="closebrowser()[pri:0, instance:com.bmusa.TestCases.Mobile_AccountVerification@51e69659]" started-at="2021-06-09T15:24:31 IST" name="closebrowser" finished-at="2021-06-09T15:24:32 IST" duration-ms="1385" status="PASS">
          <reporter-output>
          </reporter-output>
        </test-method> <!-- closebrowser -->
        <test-method is-config="true" signature="browserlaunch(java.lang.String)[pri:0, instance:com.bmusa.TestCases.Mobile_AccountVerification@51e69659]" started-at="2021-06-09T15:24:32 IST" name="browserlaunch" finished-at="2021-06-09T15:24:49 IST" duration-ms="16944" status="PASS">
          <params>
            <param index="0">
              <value>
                <![CDATA[Firefox]]>
              </value>
            </param>
          </params>
          <reporter-output>
          </reporter-output>
        </test-method> <!-- browserlaunch -->
        <test-method signature="loginverification(java.lang.String,java.lang.String)[pri:0, instance:com.bmusa.TestCases.Mobile_AccountVerification@51e69659]" started-at="2021-06-09T15:24:49 IST" name="loginverification" finished-at="2021-06-09T15:24:59 IST" duration-ms="10447" status="PASS">
          <params>
            <param index="0">
              <value>
                <![CDATA[gskprod12@aie.com]]>
              </value>
            </param>
            <param index="1">
              <value>
                <![CDATA[test1234]]>
              </value>
            </param>
          </params>
          <reporter-output>
          </reporter-output>
        </test-method> <!-- loginverification -->
        <test-method is-config="true" signature="closebrowser()[pri:0, instance:com.bmusa.TestCases.Mobile_AccountVerification@51e69659]" started-at="2021-06-09T15:25:00 IST" name="closebrowser" finished-at="2021-06-09T15:25:02 IST" duration-ms="2223" status="PASS">
          <reporter-output>
          </reporter-output>
        </test-method> <!-- closebrowser -->
      </class> <!-- com.bmusa.TestCases.Mobile_AccountVerification -->
      <class name="com.bmusa.TestCases.Mobile_userAccountVerification">
        <test-method is-config="true" signature="browserlaunch(java.lang.String)[pri:0, instance:com.bmusa.TestCases.Mobile_userAccountVerification@61001b64]" started-at="2021-06-09T15:27:31 IST" name="browserlaunch" finished-at="2021-06-09T15:27:54 IST" duration-ms="23401" status="PASS">
          <params>
            <param index="0">
              <value>
                <![CDATA[Firefox]]>
              </value>
            </param>
          </params>
          <reporter-output>
          </reporter-output>
        </test-method> <!-- browserlaunch -->
        <test-method signature="verifyMobileAccountnavigation(java.lang.String,java.lang.String)[pri:0, instance:com.bmusa.TestCases.Mobile_userAccountVerification@61001b64]" started-at="2021-06-09T15:27:54 IST" name="verifyMobileAccountnavigation" finished-at="2021-06-09T15:28:05 IST" duration-ms="10660" status="PASS">
          <params>
            <param index="0">
              <value>
                <![CDATA[gskprod12@aie.com]]>
              </value>
            </param>
            <param index="1">
              <value>
                <![CDATA[test1234]]>
              </value>
            </param>
          </params>
          <reporter-output>
          </reporter-output>
        </test-method> <!-- verifyMobileAccountnavigation -->
        <test-method is-config="true" signature="closebrowser()[pri:0, instance:com.bmusa.TestCases.Mobile_userAccountVerification@61001b64]" started-at="2021-06-09T15:28:05 IST" name="closebrowser" finished-at="2021-06-09T15:28:06 IST" duration-ms="1452" status="PASS">
          <reporter-output>
          </reporter-output>
        </test-method> <!-- closebrowser -->
        <test-method is-config="true" signature="browserlaunch(java.lang.String)[pri:0, instance:com.bmusa.TestCases.Mobile_userAccountVerification@61001b64]" started-at="2021-06-09T15:28:06 IST" name="browserlaunch" finished-at="2021-06-09T15:28:20 IST" duration-ms="13782" status="PASS">
          <params>
            <param index="0">
              <value>
                <![CDATA[Firefox]]>
              </value>
            </param>
          </params>
          <reporter-output>
          </reporter-output>
        </test-method> <!-- browserlaunch -->
        <test-method signature="verifymobileEditProfile(java.lang.String,java.lang.String)[pri:0, instance:com.bmusa.TestCases.Mobile_userAccountVerification@61001b64]" started-at="2021-06-09T15:28:20 IST" name="verifymobileEditProfile" finished-at="2021-06-09T15:28:40 IST" duration-ms="20105" status="PASS">
          <params>
            <param index="0">
              <value>
                <![CDATA[gskprod12@aie.com]]>
              </value>
            </param>
            <param index="1">
              <value>
                <![CDATA[test1234]]>
              </value>
            </param>
          </params>
          <reporter-output>
          </reporter-output>
        </test-method> <!-- verifymobileEditProfile -->
        <test-method is-config="true" signature="closebrowser()[pri:0, instance:com.bmusa.TestCases.Mobile_userAccountVerification@61001b64]" started-at="2021-06-09T15:28:40 IST" name="closebrowser" finished-at="2021-06-09T15:28:42 IST" duration-ms="1585" status="PASS">
          <reporter-output>
          </reporter-output>
        </test-method> <!-- closebrowser -->
        <test-method is-config="true" signature="browserlaunch(java.lang.String)[pri:0, instance:com.bmusa.TestCases.Mobile_userAccountVerification@61001b64]" started-at="2021-06-09T15:28:42 IST" name="browserlaunch" finished-at="2021-06-09T15:28:57 IST" duration-ms="15055" status="PASS">
          <params>
            <param index="0">
              <value>
                <![CDATA[Firefox]]>
              </value>
            </param>
          </params>
          <reporter-output>
          </reporter-output>
        </test-method> <!-- browserlaunch -->
        <test-method signature="verifymobileforgotpassword()[pri:0, instance:com.bmusa.TestCases.Mobile_userAccountVerification@61001b64]" started-at="2021-06-09T15:28:57 IST" name="verifymobileforgotpassword" finished-at="2021-06-09T15:29:02 IST" duration-ms="5156" status="PASS">
          <reporter-output>
          </reporter-output>
        </test-method> <!-- verifymobileforgotpassword -->
        <test-method is-config="true" signature="closebrowser()[pri:0, instance:com.bmusa.TestCases.Mobile_userAccountVerification@61001b64]" started-at="2021-06-09T15:29:02 IST" name="closebrowser" finished-at="2021-06-09T15:29:04 IST" duration-ms="1429" status="PASS">
          <reporter-output>
          </reporter-output>
        </test-method> <!-- closebrowser -->
      </class> <!-- com.bmusa.TestCases.Mobile_userAccountVerification -->
      <class name="com.bmusa.TestCases.Mobile_cartfunctionalitiesVerification">
        <test-method is-config="true" signature="browserlaunch(java.lang.String)[pri:0, instance:com.bmusa.TestCases.Mobile_cartfunctionalitiesVerification@4310d43]" started-at="2021-06-09T15:29:04 IST" name="browserlaunch" finished-at="2021-06-09T15:29:18 IST" duration-ms="14651" status="PASS">
          <params>
            <param index="0">
              <value>
                <![CDATA[Firefox]]>
              </value>
            </param>
          </params>
          <reporter-output>
          </reporter-output>
        </test-method> <!-- browserlaunch -->
        <test-method signature="verifyInstorePickup(java.lang.String,java.lang.String)[pri:0, instance:com.bmusa.TestCases.Mobile_cartfunctionalitiesVerification@4310d43]" started-at="2021-06-09T15:29:18 IST" name="verifyInstorePickup" finished-at="2021-06-09T15:29:51 IST" duration-ms="33054" status="PASS">
          <params>
            <param index="0">
              <value>
                <![CDATA[gskprod12@aie.com]]>
              </value>
            </param>
            <param index="1">
              <value>
                <![CDATA[test1234]]>
              </value>
            </param>
          </params>
          <reporter-output>
          </reporter-output>
        </test-method> <!-- verifyInstorePickup -->
        <test-method is-config="true" signature="closebrowser()[pri:0, instance:com.bmusa.TestCases.Mobile_cartfunctionalitiesVerification@4310d43]" started-at="2021-06-09T15:29:52 IST" name="closebrowser" finished-at="2021-06-09T15:29:53 IST" duration-ms="1381" status="PASS">
          <reporter-output>
          </reporter-output>
        </test-method> <!-- closebrowser -->
        <test-method is-config="true" signature="browserlaunch(java.lang.String)[pri:0, instance:com.bmusa.TestCases.Mobile_cartfunctionalitiesVerification@4310d43]" started-at="2021-06-09T15:29:53 IST" name="browserlaunch" finished-at="2021-06-09T15:30:08 IST" duration-ms="14801" status="PASS">
          <params>
            <param index="0">
              <value>
                <![CDATA[Firefox]]>
              </value>
            </param>
          </params>
          <reporter-output>
          </reporter-output>
        </test-method> <!-- browserlaunch -->
        <test-method signature="verifymobileQtyUpdate()[pri:0, instance:com.bmusa.TestCases.Mobile_cartfunctionalitiesVerification@4310d43]" started-at="2021-06-09T15:30:08 IST" name="verifymobileQtyUpdate" finished-at="2021-06-09T15:30:23 IST" duration-ms="15685" status="PASS">
          <reporter-output>
          </reporter-output>
        </test-method> <!-- verifymobileQtyUpdate -->
        <test-method is-config="true" signature="closebrowser()[pri:0, instance:com.bmusa.TestCases.Mobile_cartfunctionalitiesVerification@4310d43]" started-at="2021-06-09T15:30:23 IST" name="closebrowser" finished-at="2021-06-09T15:30:25 IST" duration-ms="1740" status="PASS">
          <reporter-output>
          </reporter-output>
        </test-method> <!-- closebrowser -->
        <test-method is-config="true" signature="browserlaunch(java.lang.String)[pri:0, instance:com.bmusa.TestCases.Mobile_cartfunctionalitiesVerification@4310d43]" started-at="2021-06-09T15:30:25 IST" name="browserlaunch" finished-at="2021-06-09T15:30:38 IST" duration-ms="12551" status="PASS">
          <params>
            <param index="0">
              <value>
                <![CDATA[Firefox]]>
              </value>
            </param>
          </params>
          <reporter-output>
          </reporter-output>
        </test-method> <!-- browserlaunch -->
        <test-method signature="verifymobilecartSummary()[pri:0, instance:com.bmusa.TestCases.Mobile_cartfunctionalitiesVerification@4310d43]" started-at="2021-06-09T15:30:38 IST" name="verifymobilecartSummary" finished-at="2021-06-09T15:30:54 IST" duration-ms="16499" status="PASS">
          <reporter-output>
          </reporter-output>
        </test-method> <!-- verifymobilecartSummary -->
        <test-method is-config="true" signature="closebrowser()[pri:0, instance:com.bmusa.TestCases.Mobile_cartfunctionalitiesVerification@4310d43]" started-at="2021-06-09T15:30:54 IST" name="closebrowser" finished-at="2021-06-09T15:30:56 IST" duration-ms="1687" status="PASS">
          <reporter-output>
          </reporter-output>
        </test-method> <!-- closebrowser -->
      </class> <!-- com.bmusa.TestCases.Mobile_cartfunctionalitiesVerification -->
      <class name="com.bmusa.TestCases.Mobile_SearchandBrowserVerification">
        <test-method is-config="true" signature="browserlaunch(java.lang.String)[pri:0, instance:com.bmusa.TestCases.Mobile_SearchandBrowserVerification@47e2e487]" started-at="2021-06-09T15:25:02 IST" name="browserlaunch" finished-at="2021-06-09T15:25:15 IST" duration-ms="13069" status="PASS">
          <params>
            <param index="0">
              <value>
                <![CDATA[Firefox]]>
              </value>
            </param>
          </params>
          <reporter-output>
          </reporter-output>
        </test-method> <!-- browserlaunch -->
        <test-method signature="VerifyMobilesearchasGuest()[pri:0, instance:com.bmusa.TestCases.Mobile_SearchandBrowserVerification@47e2e487]" started-at="2021-06-09T15:25:15 IST" name="VerifyMobilesearchasGuest" finished-at="2021-06-09T15:25:22 IST" duration-ms="6624" status="PASS">
          <reporter-output>
          </reporter-output>
        </test-method> <!-- VerifyMobilesearchasGuest -->
        <test-method is-config="true" signature="closebrowser()[pri:0, instance:com.bmusa.TestCases.Mobile_SearchandBrowserVerification@47e2e487]" started-at="2021-06-09T15:25:22 IST" name="closebrowser" finished-at="2021-06-09T15:25:23 IST" duration-ms="1365" status="PASS">
          <reporter-output>
          </reporter-output>
        </test-method> <!-- closebrowser -->
        <test-method is-config="true" signature="browserlaunch(java.lang.String)[pri:0, instance:com.bmusa.TestCases.Mobile_SearchandBrowserVerification@47e2e487]" started-at="2021-06-09T15:25:23 IST" name="browserlaunch" finished-at="2021-06-09T15:25:39 IST" duration-ms="15203" status="PASS">
          <params>
            <param index="0">
              <value>
                <![CDATA[Firefox]]>
              </value>
            </param>
          </params>
          <reporter-output>
          </reporter-output>
        </test-method> <!-- browserlaunch -->
        <test-method signature="mobilePDPAddtoCart()[pri:0, instance:com.bmusa.TestCases.Mobile_SearchandBrowserVerification@47e2e487]" started-at="2021-06-09T15:25:39 IST" name="mobilePDPAddtoCart" finished-at="2021-06-09T15:25:52 IST" duration-ms="13399" status="PASS">
          <reporter-output>
          </reporter-output>
        </test-method> <!-- mobilePDPAddtoCart -->
        <test-method is-config="true" signature="closebrowser()[pri:0, instance:com.bmusa.TestCases.Mobile_SearchandBrowserVerification@47e2e487]" started-at="2021-06-09T15:25:52 IST" name="closebrowser" finished-at="2021-06-09T15:25:54 IST" duration-ms="1830" status="PASS">
          <reporter-output>
          </reporter-output>
        </test-method> <!-- closebrowser -->
        <test-method is-config="true" signature="browserlaunch(java.lang.String)[pri:0, instance:com.bmusa.TestCases.Mobile_SearchandBrowserVerification@47e2e487]" started-at="2021-06-09T15:25:54 IST" name="browserlaunch" finished-at="2021-06-09T15:26:21 IST" duration-ms="26681" status="PASS">
          <params>
            <param index="0">
              <value>
                <![CDATA[Firefox]]>
              </value>
            </param>
          </params>
          <reporter-output>
          </reporter-output>
        </test-method> <!-- browserlaunch -->
        <test-method signature="verifyMobileCategoryNaviagtion()[pri:0, instance:com.bmusa.TestCases.Mobile_SearchandBrowserVerification@47e2e487]" started-at="2021-06-09T15:26:21 IST" name="verifyMobileCategoryNaviagtion" finished-at="2021-06-09T15:26:23 IST" duration-ms="2804" status="PASS">
          <reporter-output>
          </reporter-output>
        </test-method> <!-- verifyMobileCategoryNaviagtion -->
        <test-method is-config="true" signature="closebrowser()[pri:0, instance:com.bmusa.TestCases.Mobile_SearchandBrowserVerification@47e2e487]" started-at="2021-06-09T15:26:24 IST" name="closebrowser" finished-at="2021-06-09T15:26:25 IST" duration-ms="1656" status="PASS">
          <reporter-output>
          </reporter-output>
        </test-method> <!-- closebrowser -->
        <test-method is-config="true" signature="browserlaunch(java.lang.String)[pri:0, instance:com.bmusa.TestCases.Mobile_SearchandBrowserVerification@47e2e487]" started-at="2021-06-09T15:26:25 IST" name="browserlaunch" finished-at="2021-06-09T15:26:41 IST" duration-ms="15785" status="PASS">
          <params>
            <param index="0">
              <value>
                <![CDATA[Firefox]]>
              </value>
            </param>
          </params>
          <reporter-output>
          </reporter-output>
        </test-method> <!-- browserlaunch -->
        <test-method signature="verifyMobileplp()[pri:0, instance:com.bmusa.TestCases.Mobile_SearchandBrowserVerification@47e2e487]" started-at="2021-06-09T15:26:41 IST" name="verifyMobileplp" finished-at="2021-06-09T15:26:43 IST" duration-ms="2447" status="PASS">
          <reporter-output>
          </reporter-output>
        </test-method> <!-- verifyMobileplp -->
        <test-method is-config="true" signature="closebrowser()[pri:0, instance:com.bmusa.TestCases.Mobile_SearchandBrowserVerification@47e2e487]" started-at="2021-06-09T15:26:44 IST" name="closebrowser" finished-at="2021-06-09T15:26:45 IST" duration-ms="1532" status="PASS">
          <reporter-output>
          </reporter-output>
        </test-method> <!-- closebrowser -->
        <test-method is-config="true" signature="browserlaunch(java.lang.String)[pri:0, instance:com.bmusa.TestCases.Mobile_SearchandBrowserVerification@47e2e487]" started-at="2021-06-09T15:26:45 IST" name="browserlaunch" finished-at="2021-06-09T15:26:57 IST" duration-ms="11807" status="PASS">
          <params>
            <param index="0">
              <value>
                <![CDATA[Firefox]]>
              </value>
            </param>
          </params>
          <reporter-output>
          </reporter-output>
        </test-method> <!-- browserlaunch -->
        <test-method signature="verifymobilePLPaddtocart()[pri:0, instance:com.bmusa.TestCases.Mobile_SearchandBrowserVerification@47e2e487]" started-at="2021-06-09T15:26:57 IST" name="verifymobilePLPaddtocart" finished-at="2021-06-09T15:27:09 IST" duration-ms="11820" status="PASS">
          <reporter-output>
          </reporter-output>
        </test-method> <!-- verifymobilePLPaddtocart -->
        <test-method is-config="true" signature="closebrowser()[pri:0, instance:com.bmusa.TestCases.Mobile_SearchandBrowserVerification@47e2e487]" started-at="2021-06-09T15:27:09 IST" name="closebrowser" finished-at="2021-06-09T15:27:10 IST" duration-ms="1300" status="PASS">
          <reporter-output>
          </reporter-output>
        </test-method> <!-- closebrowser -->
      </class> <!-- com.bmusa.TestCases.Mobile_SearchandBrowserVerification -->
      <class name="com.bmusa.TestCases.Mobile_StoreandZipupdateVerification">
        <test-method is-config="true" signature="browserlaunch(java.lang.String)[pri:0, instance:com.bmusa.TestCases.Mobile_StoreandZipupdateVerification@201a4587]" started-at="2021-06-09T15:27:10 IST" name="browserlaunch" finished-at="2021-06-09T15:27:25 IST" duration-ms="14827" status="PASS">
          <params>
            <param index="0">
              <value>
                <![CDATA[Firefox]]>
              </value>
            </param>
          </params>
          <reporter-output>
          </reporter-output>
        </test-method> <!-- browserlaunch -->
        <test-method signature="mobileStorelocator()[pri:0, instance:com.bmusa.TestCases.Mobile_StoreandZipupdateVerification@201a4587]" started-at="2021-06-09T15:27:25 IST" name="mobileStorelocator" finished-at="2021-06-09T15:27:29 IST" duration-ms="4122" status="PASS">
          <reporter-output>
          </reporter-output>
        </test-method> <!-- mobileStorelocator -->
        <test-method is-config="true" signature="closebrowser()[pri:0, instance:com.bmusa.TestCases.Mobile_StoreandZipupdateVerification@201a4587]" started-at="2021-06-09T15:27:30 IST" name="closebrowser" finished-at="2021-06-09T15:27:31 IST" duration-ms="1313" status="PASS">
          <reporter-output>
          </reporter-output>
        </test-method> <!-- closebrowser -->
      </class> <!-- com.bmusa.TestCases.Mobile_StoreandZipupdateVerification -->
    </test> <!-- Test_Mobile -->
  </suite> <!-- Suite -->
</testng-results>
